[     549ms] [ERROR] The Content Security Policy directive 'upgrade-insecure-requests' is ignored when delivered in a report-only policy. @ https://www.douyin.com/video/7584011665516072232:0
[     556ms] [LOG] init slardar @ https://www.douyin.com/video/7584011665516072232:21
[     556ms] [LOG] init slardar success @ https://www.douyin.com/video/7584011665516072232:101
[     914ms] [WARNING] [SDK] 1775044698072        0 already inited @ https://lf3-short.ibytedapm.com/slardar/fe/sdk-web/browser.cn.js?bid=douyin_web&globalName=Slardar:0
[    1184ms] [LOG] init or use must be first call, cmd: config @ https://lf-static.applogcdn.com/obj/applog-sdk-static/log-sdk/collect/5/collect.dy.js:0
[    1190ms] [LOG] init or use must be first call, cmd: start @ https://lf-static.applogcdn.com/obj/applog-sdk-static/log-sdk/collect/5/collect.dy.js:0
[    1268ms] [ERROR] The Content Security Policy directive 'upgrade-insecure-requests' is ignored when delivered in a report-only policy. @ https://lf-douyin-pc-web.douyinstatic.com/obj/douyin-pc-web/ies/douyin_web/async/5498.378eb90d.js:1
[    1702ms] [WARNING] %c[xgplayer] color: #525252; background-color: yellow;  warn>>icons.[object Object] in config of plugin named [texttrack] is invalid @ https://lf-douyin-pc-web.douyinstatic.com/obj/douyin-pc-web/ies/douyin_web/async/80946.7327c3e8.js:0
[    1703ms] [WARNING] %c[xgplayer] color: #525252; background-color: yellow;  warn>>icons.[object Object] in config of plugin named [texttrack] is invalid @ https://lf-douyin-pc-web.douyinstatic.com/obj/douyin-pc-web/ies/douyin_web/async/80946.7327c3e8.js:0
[    1796ms] [ERROR] The Content Security Policy directive 'upgrade-insecure-requests' is ignored when delivered in a report-only policy. @ https://lf-douyin-pc-web.douyinstatic.com/obj/douyin-pc-web/ies/douyin_web/async/81708.18085ed3.js:1
[    2037ms] [ERROR] Failed to launch 'bitbrowser://cc/' because the scheme does not have a registered handler. @ https://www.douyin.com/video/7584011665516072232:0
[    2064ms] [ERROR] The Content Security Policy directive 'upgrade-insecure-requests' is ignored when delivered in a report-only policy. @ https://lf-douyin-pc-web.douyinstatic.com/obj/douyin-pc-web/ies/douyin_web/async/81708.18085ed3.js:1
[    2065ms] [ERROR] The Content Security Policy directive 'upgrade-insecure-requests' is ignored when delivered in a report-only policy. @ https://lf-douyin-pc-web.douyinstatic.com/obj/douyin-pc-web/ies/douyin_web/async/81708.18085ed3.js:1
[    2067ms] [ERROR] The Content Security Policy directive 'upgrade-insecure-requests' is ignored when delivered in a report-only policy. @ https://lf-douyin-pc-web.douyinstatic.com/obj/douyin-pc-web/ies/douyin_web/async/81708.18085ed3.js:1
[    2286ms] [LOG] init or use must be first call, cmd: video_play @ https://lf-static.applogcdn.com/obj/applog-sdk-static/log-sdk/collect/5/collect.dy.js:0
[    2312ms] [ERROR] The Content Security Policy directive 'upgrade-insecure-requests' is ignored when delivered in a report-only policy. @ :2
[    2312ms] [ERROR] The Content Security Policy directive 'upgrade-insecure-requests' is ignored when delivered in a report-only policy. @ :2
[    2314ms] [ERROR] The Content Security Policy directive 'upgrade-insecure-requests' is ignored when delivered in a report-only policy. @ :2
[    2369ms] [LOG] [c0] @ :2
[    2566ms] [LOG] [ Federation Runtime ] Version 18.3.0-canary-587ae49d7-20230720 from @demo/douyin-web of shared singleton module react does not satisfy the requirement of @revenue-wallet-fe/recharge-web which needs ^18.3.1) @ https://lf3-webcast.bytetos.com/obj/webcast-new/recharge_web_vmok/vmok-remote-entry.9a192be8.js:3
[    2566ms] [LOG] [ Federation Runtime ] Version 18.3.0-canary-587ae49d7-20230720 from @demo/douyin-web of shared singleton module react-dom does not satisfy the requirement of @revenue-wallet-fe/recharge-web which needs ^18.3.1) @ https://lf3-webcast.bytetos.com/obj/webcast-new/recharge_web_vmok/vmok-remote-entry.9a192be8.js:3
[    2567ms] [WARNING] Cannot assign to read only property 'call' of object '#<Object>' @ https://lf3-webcast.bytetos.com/obj/webcast-new/recharge_web_vmok/static/js/async/__federation_expose_data.783d5811.js:1
[    2568ms] [LOG] getRechargePackages requestParams {path: /webcast/diamond/, queryParams: Object} @ https://lf3-webcast.bytetos.com/obj/webcast-new/recharge_web_vmok/static/js/async/__federation_expose_data.783d5811.js:1
[    2717ms] [LOG] [prefetch] packageData [local]:  {packages: Array(7), extra: Object} @ https://lf3-webcast.bytetos.com/obj/webcast-new/recharge_web_vmok/static/js/async/__federation_expose_data.783d5811.js:1
[    2802ms] [LOG] Service worker registration success @ https://www.douyin.com/video/7584011665516072232:948
[    2812ms] [INFO] Banner not shown: beforeinstallpromptevent.preventDefault() called. The page must call beforeinstallpromptevent.prompt() to show the banner. @ https://www.douyin.com/video/7584011665516072232:0
[    2984ms] [LOG] init or use must be first call, cmd: video_cover_show @ https://lf-static.applogcdn.com/obj/applog-sdk-static/log-sdk/collect/5/collect.dy.js:0
[    2984ms] [LOG] init or use must be first call, cmd: video_cover_show @ https://lf-static.applogcdn.com/obj/applog-sdk-static/log-sdk/collect/5/collect.dy.js:0
[    2984ms] [LOG] init or use must be first call, cmd: video_cover_show @ https://lf-static.applogcdn.com/obj/applog-sdk-static/log-sdk/collect/5/collect.dy.js:0
[    2984ms] [LOG] init or use must be first call, cmd: video_cover_show @ https://lf-static.applogcdn.com/obj/applog-sdk-static/log-sdk/collect/5/collect.dy.js:0
[    2985ms] [LOG] init or use must be first call, cmd: video_cover_show @ https://lf-static.applogcdn.com/obj/applog-sdk-static/log-sdk/collect/5/collect.dy.js:0
[    2985ms] [LOG] init or use must be first call, cmd: video_cover_show @ https://lf-static.applogcdn.com/obj/applog-sdk-static/log-sdk/collect/5/collect.dy.js:0
[    4053ms] [ERROR] The Content Security Policy directive 'upgrade-insecure-requests' is ignored when delivered in a report-only policy. @ https://lf-douyin-pc-web.douyinstatic.com/obj/douyin-pc-web/ies/douyin_web/31393.d0670c50.js:1
[    4054ms] [ERROR] The Content Security Policy directive 'upgrade-insecure-requests' is ignored when delivered in a report-only policy. @ https://lf-douyin-pc-web.douyinstatic.com/obj/douyin-pc-web/ies/douyin_web/31393.d0670c50.js:1
[    4056ms] [ERROR] The Content Security Policy directive 'upgrade-insecure-requests' is ignored when delivered in a report-only policy. @ https://lf-douyin-pc-web.douyinstatic.com/obj/douyin-pc-web/ies/douyin_web/31393.d0670c50.js:1
[   61758ms] [LOG] init or use must be first call, cmd: video_play_check_point @ https://lf-static.applogcdn.com/obj/applog-sdk-static/log-sdk/collect/5/collect.dy.js:0
[  121757ms] [LOG] init or use must be first call, cmd: video_play_check_point @ https://lf-static.applogcdn.com/obj/applog-sdk-static/log-sdk/collect/5/collect.dy.js:0
